13:22:49,858 INFO  [Server] Starting JBoss (MX MicroKernel)...
13:22:49,859 INFO  [Server] Release ID: JBoss [Trinity] 4.2.3.GA (build: SVNTag=JBoss_4_2_3_GA date=200807181417)
13:22:49,859 DEBUG [Server] Using config: org.jboss.system.server.ServerConfigImpl@651aad02
13:22:49,859 DEBUG [Server] Server type: class org.jboss.system.server.ServerImpl
13:22:49,860 DEBUG [Server] Server loaded through: org.jboss.system.server.NoAnnotationURLClassLoader
13:22:49,860 DEBUG [Server] Boot URLs:
13:22:49,860 DEBUG [Server]   file:/C:/apps/jboss-4.2.3.GA/lib/endorsed/serializer.jar
13:22:49,860 DEBUG [Server]   file:/C:/apps/jboss-4.2.3.GA/lib/endorsed/xalan.jar
13:22:49,860 DEBUG [Server]   file:/C:/apps/jboss-4.2.3.GA/lib/endorsed/xercesImpl.jar
13:22:49,860 DEBUG [Server]   file:/C:/apps/jboss-4.2.3.GA/lib/jboss-jmx.jar
13:22:49,860 DEBUG [Server]   file:/C:/apps/jboss-4.2.3.GA/lib/concurrent.jar
13:22:49,860 DEBUG [Server]   file:/C:/apps/jboss-4.2.3.GA/lib/log4j-boot.jar
13:22:49,860 DEBUG [Server]   file:/C:/apps/jboss-4.2.3.GA/lib/jboss-common.jar
13:22:49,860 DEBUG [Server]   file:/C:/apps/jboss-4.2.3.GA/lib/jboss-system.jar
13:22:49,860 DEBUG [Server]   file:/C:/apps/jboss-4.2.3.GA/lib/jboss-xml-binding.jar
13:22:49,860 INFO  [Server] Home Dir: C:\apps\jboss-4.2.3.GA
13:22:49,860 INFO  [Server] Home URL: file:/C:/apps/jboss-4.2.3.GA/
13:22:49,860 DEBUG [Server] Library URL: file:/C:/apps/jboss-4.2.3.GA/lib/
13:22:49,861 INFO  [Server] Patch URL: null
13:22:49,861 INFO  [Server] Server Name: default
13:22:49,861 INFO  [Server] Server Home Dir: C:\apps\jboss-4.2.3.GA\server\default
13:22:49,861 INFO  [Server] Server Home URL: file:/C:/apps/jboss-4.2.3.GA/server/default/
13:22:49,862 INFO  [Server] Server Log Dir: C:\apps\jboss-4.2.3.GA\server\default\log
13:22:49,862 DEBUG [Server] Server Data Dir: C:\apps\jboss-4.2.3.GA\server\default\data
13:22:49,862 INFO  [Server] Server Temp Dir: C:\apps\jboss-4.2.3.GA\server\default\tmp
13:22:49,862 DEBUG [Server] Server Config URL: file:/C:/apps/jboss-4.2.3.GA/server/default/conf/
13:22:49,862 DEBUG [Server] Server Library URL: file:/C:/apps/jboss-4.2.3.GA/server/default/lib/
13:22:49,862 INFO  [Server] Root Deployment Filename: jboss-service.xml
13:22:49,865 DEBUG [Server] Starting General Purpose Architecture (GPA)...
13:22:50,013 DEBUG [Server] Created MBeanServer: org.jboss.mx.server.MBeanServerImpl@b6e8368[ defaultDomain='jboss' ]
13:22:50,030 DEBUG [Server] Boot url list: [file:/C:/apps/jboss-4.2.3.GA/server/default/conf/]
13:22:50,030 DEBUG [Server] Creating loader for URL: file:/C:/apps/jboss-4.2.3.GA/server/default/conf/
13:22:50,035 DEBUG [RepositoryClassLoader] setRepository, repository=org.jboss.mx.loading.UnifiedLoaderRepository3@3f174f54, cl=org.jboss.mx.loading.UnifiedClassLoader3@28932056{ url=file:/C:/apps/jboss-4.2.3.GA/server/default/conf/ ,addedOrder=0}
13:22:50,035 DEBUG [RepositoryClassLoader] setRepository, repository=org.jboss.mx.loading.UnifiedLoaderRepository3@3f174f54, cl=org.jboss.mx.loading.UnifiedClassLoader3@28932056{ url=file:/C:/apps/jboss-4.2.3.GA/server/default/conf/ ,addedOrder=0}
13:22:50,035 DEBUG [UnifiedLoaderRepository3] Adding org.jboss.mx.loading.UnifiedClassLoader3@28932056{ url=file:/C:/apps/jboss-4.2.3.GA/server/default/conf/ ,addedOrder=0}
13:22:50,132 DEBUG [Server] Failed to create xmbean for: org.jboss.system.server.ServerInfo
13:22:50,136 INFO  [ServerInfo] Java version: 1.8.0_31,Oracle Corporation
13:22:50,136 INFO  [ServerInfo] Java VM: Java HotSpot(TM) 64-Bit Server VM 25.31-b07,Oracle Corporation
13:22:50,137 INFO  [ServerInfo] OS-System: Windows 8.1 6.3,amd64
13:22:50,138 DEBUG [ServerInfo] Full System Properties Dump
13:22:50,138 DEBUG [ServerInfo]     java.vendor: Oracle Corporation
13:22:50,139 DEBUG [ServerInfo]     sun.java.launcher: SUN_STANDARD
13:22:50,139 DEBUG [ServerInfo]     sun.management.compiler: HotSpot 64-Bit Tiered Compilers
13:22:50,139 DEBUG [ServerInfo]     os.name: Windows 8.1
13:22:50,139 DEBUG [ServerInfo]     sun.boot.class.path: C:\apps\jboss-4.2.3.GA\lib\endorsed\serializer.jar;C:\apps\jboss-4.2.3.GA\lib\endorsed\xalan.jar;C:\apps\jboss-4.2.3.GA\lib\endorsed\xercesImpl.jar;C:\Program Files\Java\jdk1.8.0_31\jre\lib\resources.jar;C:\Program Files\Java\jdk1.8.0_31\jre\lib\rt.jar;C:\Program Files\Java\jdk1.8.0_31\jre\lib\sunrsasign.jar;C:\Program Files\Java\jdk1.8.0_31\jre\lib\jsse.jar;C:\Program Files\Java\jdk1.8.0_31\jre\lib\jce.jar;C:\Program Files\Java\jdk1.8.0_31\jre\lib\charsets.jar;C:\Program Files\Java\jdk1.8.0_31\jre\lib\jfr.jar;C:\Program Files\Java\jdk1.8.0_31\jre\classes
13:22:50,139 DEBUG [ServerInfo]     sun.desktop: windows
13:22:50,139 DEBUG [ServerInfo]     java.vm.specification.vendor: Oracle Corporation
13:22:50,139 DEBUG [ServerInfo]     java.runtime.version: 1.8.0_31-b13
13:22:50,139 DEBUG [ServerInfo]     user.name: Esther
13:22:50,139 DEBUG [ServerInfo]     jboss.bind.address: 127.0.0.1
13:22:50,139 DEBUG [ServerInfo]     jboss.home.dir: C:\apps\jboss-4.2.3.GA
13:22:50,139 DEBUG [ServerInfo]     user.language: en
13:22:50,139 DEBUG [ServerInfo]     sun.boot.library.path: C:\Program Files\Java\jdk1.8.0_31\jre\bin
13:22:50,139 DEBUG [ServerInfo]     jboss.home.url: file:/C:/apps/jboss-4.2.3.GA/
13:22:50,139 DEBUG [ServerInfo]     java.version: 1.8.0_31
13:22:50,139 DEBUG [ServerInfo]     user.timezone: America/New_York
13:22:50,139 DEBUG [ServerInfo]     jboss.server.home.dir: C:\apps\jboss-4.2.3.GA\server\default
13:22:50,140 DEBUG [ServerInfo]     jgroups.bind_addr: 127.0.0.1
13:22:50,140 DEBUG [ServerInfo]     sun.arch.data.model: 64
13:22:50,140 DEBUG [ServerInfo]     java.endorsed.dirs: C:\apps\jboss-4.2.3.GA\lib\endorsed
13:22:50,140 DEBUG [ServerInfo]     jboss.server.home.url: file:/C:/apps/jboss-4.2.3.GA/server/default/
13:22:50,140 DEBUG [ServerInfo]     sun.cpu.isalist: amd64
13:22:50,140 DEBUG [ServerInfo]     sun.jnu.encoding: Cp1252
13:22:50,140 DEBUG [ServerInfo]     file.encoding.pkg: sun.io
13:22:50,140 DEBUG [ServerInfo]     file.separator: \
13:22:50,140 DEBUG [ServerInfo]     java.specification.name: Java Platform API Specification
13:22:50,140 DEBUG [ServerInfo]     java.class.version: 52.0
13:22:50,140 DEBUG [ServerInfo]     jboss.server.config.url: file:/C:/apps/jboss-4.2.3.GA/server/default/conf/
13:22:50,140 DEBUG [ServerInfo]     user.country: US
13:22:50,140 DEBUG [ServerInfo]     java.home: C:\Program Files\Java\jdk1.8.0_31\jre
13:22:50,140 DEBUG [ServerInfo]     java.vm.info: mixed mode
13:22:50,140 DEBUG [ServerInfo]     jboss.lib.url: file:/C:/apps/jboss-4.2.3.GA/lib/
13:22:50,140 DEBUG [ServerInfo]     os.version: 6.3
13:22:50,140 DEBUG [ServerInfo]     path.separator: ;
13:22:50,140 DEBUG [ServerInfo]     java.vm.version: 25.31-b07
13:22:50,140 DEBUG [ServerInfo]     user.variant: 
13:22:50,141 DEBUG [ServerInfo]     java.protocol.handler.pkgs: org.jboss.net.protocol
13:22:50,141 DEBUG [ServerInfo]     java.awt.printerjob: sun.awt.windows.WPrinterJob
13:22:50,141 DEBUG [ServerInfo]     sun.io.unicode.encoding: UnicodeLittle
13:22:50,141 DEBUG [ServerInfo]     awt.toolkit: sun.awt.windows.WToolkit
13:22:50,141 DEBUG [ServerInfo]     sun.stdout.encoding: cp437
13:22:50,141 DEBUG [ServerInfo]     user.script: 
13:22:50,141 DEBUG [ServerInfo]     jboss.server.temp.dir: C:\apps\jboss-4.2.3.GA\server\default\tmp
13:22:50,141 DEBUG [ServerInfo]     sun.rmi.dgc.client.gcInterval: 3600000
13:22:50,141 DEBUG [ServerInfo]     user.home: C:\Users\Esther
13:22:50,141 DEBUG [ServerInfo]     java.specification.vendor: Oracle Corporation
13:22:50,141 DEBUG [ServerInfo]     java.library.path: C:\Program Files\Java\jdk1.8.0_31\bin;C:\Windows\Sun\Java\bin;C:\Windows\system32;C:\Windows;C:\ProgramData\Oracle\Java\javapath;C:\Windows\system32;C:\Windows;C:\Windows\System32\Wbem;C:\Windows\System32\WindowsPowerShell\v1.0\;C:\Program Files\MATLAB\R2014b\runtime\win64;C:\Program Files\MATLAB\R2014b\bin;C:\Program Files\TortoiseHg\;C:\Program Files\Microsoft\Web Platform Installer\;C:\Program Files (x86)\Microsoft ASP.NET\ASP.NET Web Pages\v1.0\;C:\Program Files (x86)\Windows Kits\8.0\Windows Performance Toolkit\;C:\Program Files\doxygen\bin;C:\Program Files (x86)\Lua\5.1;C:\Program Files (x86)\Lua\5.1\clibs;C:\Program Files\Java\jdk1.8.0_31\bin;C:\Program Files\MySQL\MySQL Server 5.6\bin;C:\WINDOWS\system32;C:\Program Files\nodejs\;C:\Program Files\MongoDB\Server\3.0\bin;C:\Program Files (x86)\Git\cmd;C:\Program Files\SlikSvn\bin;C:\Program Files\apache-maven-3.3.3\bin;C:\Users\Esther\AppData\Roaming\npm;.
13:22:50,141 DEBUG [ServerInfo]     java.vendor.url: http://java.oracle.com/
13:22:50,141 DEBUG [ServerInfo]     program.name: run.bat
13:22:50,141 DEBUG [ServerInfo]     java.vm.vendor: Oracle Corporation
13:22:50,141 DEBUG [ServerInfo]     sun.rmi.dgc.server.gcInterval: 3600000
13:22:50,141 DEBUG [ServerInfo]     java.runtime.name: Java(TM) SE Runtime Environment
13:22:50,141 DEBUG [ServerInfo]     sun.java.command: org.jboss.Main
13:22:50,142 DEBUG [ServerInfo]     java.class.path: C:\Program Files\Java\jdk1.8.0_31\lib\tools.jar;C:\apps\jboss-4.2.3.GA\bin\run.jar
13:22:50,142 DEBUG [ServerInfo]     jboss.server.log.dir: C:\apps\jboss-4.2.3.GA\server\default\log
13:22:50,142 DEBUG [ServerInfo]     jbossmx.loader.repository.class: org.jboss.mx.loading.UnifiedLoaderRepository3
13:22:50,142 DEBUG [ServerInfo]     java.vm.specification.name: Java Virtual Machine Specification
13:22:50,142 DEBUG [ServerInfo]     java.vm.specification.version: 1.8
13:22:50,142 DEBUG [ServerInfo]     sun.cpu.endian: little
13:22:50,142 DEBUG [ServerInfo]     sun.os.patch.level: 
13:22:50,142 DEBUG [ServerInfo]     jboss.server.lib.url: file:/C:/apps/jboss-4.2.3.GA/server/default/lib/
13:22:50,142 DEBUG [ServerInfo]     java.io.tmpdir: C:\Users\Esther\AppData\Local\Temp\
13:22:50,142 DEBUG [ServerInfo]     java.vendor.url.bug: http://bugreport.sun.com/bugreport/
13:22:50,142 DEBUG [ServerInfo]     jboss.server.data.dir: C:\apps\jboss-4.2.3.GA\server\default\data
13:22:50,142 DEBUG [ServerInfo]     java.rmi.server.hostname: 127.0.0.1
13:22:50,142 DEBUG [ServerInfo]     os.arch: amd64
13:22:50,142 DEBUG [ServerInfo]     java.awt.graphicsenv: sun.awt.Win32GraphicsEnvironment
13:22:50,142 DEBUG [ServerInfo]     java.ext.dirs: C:\Program Files\Java\jdk1.8.0_31\jre\lib\ext;C:\Windows\Sun\Java\lib\ext
13:22:50,142 DEBUG [ServerInfo]     user.dir: C:\apps\jboss-4.2.3.GA\bin
13:22:50,142 DEBUG [ServerInfo]     line.separator: 

13:22:50,142 DEBUG [ServerInfo]     java.vm.name: Java HotSpot(TM) 64-Bit Server VM
13:22:50,142 DEBUG [ServerInfo]     jboss.server.base.dir: C:\apps\jboss-4.2.3.GA\server
13:22:50,143 DEBUG [ServerInfo]     jboss.server.base.url: file:/C:/apps/jboss-4.2.3.GA/server/
13:22:50,143 DEBUG [ServerInfo]     javax.management.builder.initial: org.jboss.mx.server.MBeanServerBuilderImpl
13:22:50,143 DEBUG [ServerInfo]     file.encoding: Cp1252
13:22:50,143 DEBUG [ServerInfo]     sun.stderr.encoding: cp437
13:22:50,143 DEBUG [ServerInfo]     java.specification.version: 1.8
13:22:50,143 DEBUG [ServerInfo]     jboss.server.name: default
13:22:50,153 DEBUG [Server] Created system MBean: jboss.system:type=ServerInfo
13:22:50,160 DEBUG [Server] Failed to create xmbean for: org.jboss.system.ServiceController
13:22:50,181 DEBUG [ServiceController] Controller MBean online
13:22:50,181 DEBUG [Server] Created system MBean: jboss.system:service=ServiceController
13:22:50,265 DEBUG [Server] Created system XMBean: jboss.system:service=MainDeployer
13:22:50,265 DEBUG [ServiceController] Creating service jboss.system:service=MainDeployer
13:22:50,273 DEBUG [MainDeployer] Creating jboss.system:service=MainDeployer
13:22:50,285 DEBUG [Files] Failed to delete dir: C:\apps\jboss-4.2.3.GA\server\default\tmp\deploy
13:22:50,288 DEBUG [MainDeployer] Created jboss.system:service=MainDeployer
13:22:50,288 DEBUG [ServiceController] Creating dependent components for: jboss.system:service=MainDeployer dependents are: []
13:22:50,288 DEBUG [ServiceController] starting service jboss.system:service=MainDeployer
13:22:50,289 DEBUG [MainDeployer] Starting jboss.system:service=MainDeployer
13:22:50,289 DEBUG [MainDeployer] Started jboss.system:service=MainDeployer
13:22:50,289 DEBUG [ServiceController] Starting dependent components for: jboss.system:service=MainDeployer dependent components: []
13:22:50,290 DEBUG [Server] Shutdown hook added
13:22:50,342 DEBUG [Server] Created system XMBean: jboss.system:service=JARDeployer
13:22:50,342 DEBUG [ServiceController] Creating service jboss.system:service=JARDeployer
13:22:50,342 DEBUG [JARDeployer] Creating jboss.system:service=JARDeployer
13:22:50,350 DEBUG [JARDeployer] Created jboss.system:service=JARDeployer
13:22:50,350 DEBUG [ServiceController] Creating dependent components for: jboss.system:service=JARDeployer dependents are: []
13:22:50,350 DEBUG [ServiceController] starting service jboss.system:service=JARDeployer
13:22:50,351 DEBUG [JARDeployer] Starting jboss.system:service=JARDeployer
13:22:50,351 DEBUG [MainDeployer] Adding deployer: org.jboss.deployment.JARDeployer@58a415a4
13:22:50,351 DEBUG [SuffixOrderHelper] Static suffix exists; ignoring request for adding enhanced suffix: 700:.jar
13:22:50,351 DEBUG [JARDeployer] Started jboss.system:service=JARDeployer
13:22:50,351 DEBUG [ServiceController] Starting dependent components for: jboss.system:service=JARDeployer dependent components: []
13:22:50,368 DEBUG [Server] Created system XMBean: jboss.system:service=ServiceDeployer
13:22:50,368 DEBUG [ServiceController] Creating service jboss.system:service=ServiceDeployer
13:22:50,368 DEBUG [SARDeployer] Creating jboss.system:service=ServiceDeployer
13:22:50,375 DEBUG [SARDeployer] Created jboss.system:service=ServiceDeployer
13:22:50,375 DEBUG [ServiceController] Creating dependent components for: jboss.system:service=ServiceDeployer dependents are: []
13:22:50,375 DEBUG [ServiceController] starting service jboss.system:service=ServiceDeployer
13:22:50,376 DEBUG [SARDeployer] Starting jboss.system:service=ServiceDeployer
13:22:50,376 DEBUG [MainDeployer] Adding deployer: org.jboss.deployment.SARDeployer@307c44af
13:22:50,381 DEBUG [SARDeployer] Started jboss.system:service=ServiceDeployer
13:22:50,381 DEBUG [ServiceController] Starting dependent components for: jboss.system:service=ServiceDeployer dependent components: []
13:22:50,381 INFO  [Server] Core system initialized
13:22:50,393 DEBUG [MainDeployer] Starting deployment of package: file:/C:/apps/jboss-4.2.3.GA/server/default/conf/jboss-service.xml
13:22:50,393 DEBUG [MainDeployer] Starting deployment (init step) of package at: file:/C:/apps/jboss-4.2.3.GA/server/default/conf/jboss-service.xml
13:22:50,525 DEBUG [MainDeployer] Copying file:/C:/apps/jboss-4.2.3.GA/server/default/conf/jboss-service.xml -> C:\apps\jboss-4.2.3.GA\server\default\tmp\deploy\tmp6504766893879071479jboss-service.xml
13:22:50,530 DEBUG [MainDeployer] using deployer org.jboss.deployment.SARDeployer@307c44af
13:22:50,557 DEBUG [SARDeployer] Found classpath element: [classpath: null]
13:22:50,561 DEBUG [SARDeployer] codebase URL is file:/C:/apps/jboss-4.2.3.GA/server/default/lib/
13:22:50,561 DEBUG [SARDeployer] listing codebase for archives matching *
13:22:50,565 DEBUG [SARDeployer] URLLister class is org.jboss.net.protocol.file.FileURLLister
13:22:50,582 DEBUG [SARDeployer] deployed classes for file:/C:/apps/jboss-4.2.3.GA/server/default/lib/activation.jar
13:22:50,582 DEBUG [SARDeployer] deployed classes for file:/C:/apps/jboss-4.2.3.GA/server/default/lib/antlr.jar
13:22:50,582 DEBUG [SARDeployer] deployed classes for file:/C:/apps/jboss-4.2.3.GA/server/default/lib/autonumber-plugin.jar
13:22:50,582 DEBUG [SARDeployer] deployed classes for file:/C:/apps/jboss-4.2.3.GA/server/default/lib/bcel.jar
13:22:50,582 DEBUG [SARDeployer] deployed classes for file:/C:/apps/jboss-4.2.3.GA/server/default/lib/bindingservice-plugin.jar
13:22:50,582 DEBUG [SARDeployer] deployed classes for file:/C:/apps/jboss-4.2.3.GA/server/default/lib/bsf.jar
13:22:50,582 DEBUG [SARDeployer] deployed classes for file:/C:/apps/jboss-4.2.3.GA/server/default/lib/bsh-deployer.jar
13:22:50,582 DEBUG [SARDeployer] deployed classes for file:/C:/apps/jboss-4.2.3.GA/server/default/lib/bsh.jar
13:22:50,582 DEBUG [SARDeployer] deployed classes for file:/C:/apps/jboss-4.2.3.GA/server/default/lib/cglib.jar
13:22:50,582 DEBUG [SARDeployer] deployed classes for file:/C:/apps/jboss-4.2.3.GA/server/default/lib/commons-codec.jar
13:22:50,582 DEBUG [SARDeployer] deployed classes for file:/C:/apps/jboss-4.2.3.GA/server/default/lib/commons-collections.jar
13:22:50,582 DEBUG [SARDeployer] deployed classes for file:/C:/apps/jboss-4.2.3.GA/server/default/lib/commons-httpclient.jar
13:22:50,583 DEBUG [SARDeployer] deployed classes for file:/C:/apps/jboss-4.2.3.GA/server/default/lib/commons-logging.jar
13:22:50,583 DEBUG [SARDeployer] deployed classes for file:/C:/apps/jboss-4.2.3.GA/server/default/lib/dom4j.jar
13:22:50,583 DEBUG [SARDeployer] deployed classes for file:/C:/apps/jboss-4.2.3.GA/server/default/lib/ejb3-persistence.jar
13:22:50,583 DEBUG [SARDeployer] deployed classes for file:/C:/apps/jboss-4.2.3.GA/server/default/lib/el-api.jar
13:22:50,583 DEBUG [SARDeployer] deployed classes for file:/C:/apps/jboss-4.2.3.GA/server/default/lib/hibernate-annotations.jar
13:22:50,583 DEBUG [SARDeployer] deployed classes for file:/C:/apps/jboss-4.2.3.GA/server/default/lib/hibernate-entitymanager.jar
13:22:50,583 DEBUG [SARDeployer] deployed classes for file:/C:/apps/jboss-4.2.3.GA/server/default/lib/hibernate3.jar
13:22:50,583 DEBUG [SARDeployer] deployed classes for file:/C:/apps/jboss-4.2.3.GA/server/default/lib/hsqldb-plugin.jar
13:22:50,583 DEBUG [SARDeployer] deployed classes for file:/C:/apps/jboss-4.2.3.GA/server/default/lib/hsqldb.jar
13:22:50,583 DEBUG [SARDeployer] deployed classes for file:/C:/apps/jboss-4.2.3.GA/server/default/lib/javassist.jar
13:22:50,583 DEBUG [SARDeployer] deployed classes for file:/C:/apps/jboss-4.2.3.GA/server/default/lib/jaxen.jar
13:22:50,583 DEBUG [SARDeployer] deployed classes for file:/C:/apps/jboss-4.2.3.GA/server/default/lib/jboss-common-jdbc-wrapper.jar
13:22:50,583 DEBUG [SARDeployer] deployed classes for file:/C:/apps/jboss-4.2.3.GA/server/default/lib/jboss-ejb3x.jar
13:22:50,583 DEBUG [SARDeployer] deployed classes for file:/C:/apps/jboss-4.2.3.GA/server/default/lib/jboss-hibernate.jar
13:22:50,583 DEBUG [SARDeployer] deployed classes for file:/C:/apps/jboss-4.2.3.GA/server/default/lib/jboss-iiop.jar
13:22:50,583 DEBUG [SARDeployer] deployed classes for file:/C:/apps/jboss-4.2.3.GA/server/default/lib/jboss-j2ee.jar
13:22:50,583 DEBUG [SARDeployer] deployed classes for file:/C:/apps/jboss-4.2.3.GA/server/default/lib/jboss-jaxrpc.jar
13:22:50,583 DEBUG [SARDeployer] deployed classes for file:/C:/apps/jboss-4.2.3.GA/server/default/lib/jboss-jaxws-ext.jar
13:22:50,583 DEBUG [SARDeployer] deployed classes for file:/C:/apps/jboss-4.2.3.GA/server/default/lib/jboss-jaxws.jar
13:22:50,583 DEBUG [SARDeployer] deployed classes for file:/C:/apps/jboss-4.2.3.GA/server/default/lib/jboss-jca.jar
13:22:50,583 DEBUG [SARDeployer] deployed classes for file:/C:/apps/jboss-4.2.3.GA/server/default/lib/jboss-jsr77.jar
13:22:50,583 DEBUG [SARDeployer] deployed classes for file:/C:/apps/jboss-4.2.3.GA/server/default/lib/jboss-jsr88.jar
13:22:50,583 DEBUG [SARDeployer] deployed classes for file:/C:/apps/jboss-4.2.3.GA/server/default/lib/jboss-management.jar
13:22:50,583 DEBUG [SARDeployer] deployed classes for file:/C:/apps/jboss-4.2.3.GA/server/default/lib/jboss-monitoring.jar
13:22:50,584 DEBUG [SARDeployer] deployed classes for file:/C:/apps/jboss-4.2.3.GA/server/default/lib/jboss-remoting-int.jar
13:22:50,584 DEBUG [SARDeployer] deployed classes for file:/C:/apps/jboss-4.2.3.GA/server/default/lib/jboss-remoting.jar
13:22:50,584 DEBUG [SARDeployer] deployed classes for file:/C:/apps/jboss-4.2.3.GA/server/default/lib/jboss-saaj.jar
13:22:50,584 DEBUG [SARDeployer] deployed classes for file:/C:/apps/jboss-4.2.3.GA/server/default/lib/jboss-serialization.jar
13:22:50,584 DEBUG [SARDeployer] deployed classes for file:/C:/apps/jboss-4.2.3.GA/server/default/lib/jboss-srp.jar
13:22:50,584 DEBUG [SARDeployer] deployed classes for file:/C:/apps/jboss-4.2.3.GA/server/default/lib/jboss-transaction.jar
13:22:50,584 DEBUG [SARDeployer] deployed classes for file:/C:/apps/jboss-4.2.3.GA/server/default/lib/jboss-vfs.jar
13:22:50,584 DEBUG [SARDeployer] deployed classes for file:/C:/apps/jboss-4.2.3.GA/server/default/lib/jboss.jar
13:22:50,584 DEBUG [SARDeployer] deployed classes for file:/C:/apps/jboss-4.2.3.GA/server/default/lib/jbossjta-integration.jar
13:22:50,584 DEBUG [SARDeployer] deployed classes for file:/C:/apps/jboss-4.2.3.GA/server/default/lib/jbossjta.jar
13:22:50,584 DEBUG [SARDeployer] deployed classes for file:/C:/apps/jboss-4.2.3.GA/server/default/lib/jbossmq.jar
13:22:50,584 DEBUG [SARDeployer] deployed classes for file:/C:/apps/jboss-4.2.3.GA/server/default/lib/jbosssx.jar
13:22:50,584 DEBUG [SARDeployer] deployed classes for file:/C:/apps/jboss-4.2.3.GA/server/default/lib/jbossts-common.jar
13:22:50,584 DEBUG [SARDeployer] deployed classes for file:/C:/apps/jboss-4.2.3.GA/server/default/lib/jbossws-common.jar
13:22:50,584 DEBUG [SARDeployer] deployed classes for file:/C:/apps/jboss-4.2.3.GA/server/default/lib/jbossws-framework.jar
13:22:50,584 DEBUG [SARDeployer] deployed classes for file:/C:/apps/jboss-4.2.3.GA/server/default/lib/jbossws-jboss42.jar
13:22:50,584 DEBUG [SARDeployer] deployed classes for file:/C:/apps/jboss-4.2.3.GA/server/default/lib/jbossws-spi.jar
13:22:50,584 DEBUG [SARDeployer] deployed classes for file:/C:/apps/jboss-4.2.3.GA/server/default/lib/jmx-adaptor-plugin.jar
13:22:50,584 DEBUG [SARDeployer] deployed classes for file:/C:/apps/jboss-4.2.3.GA/server/default/lib/jnpserver.jar
13:22:50,584 DEBUG [SARDeployer] deployed classes for file:/C:/apps/jboss-4.2.3.GA/server/default/lib/joesnmp.jar
13:22:50,584 DEBUG [SARDeployer] deployed classes for file:/C:/apps/jboss-4.2.3.GA/server/default/lib/jsp-api.jar
13:22:50,585 DEBUG [SARDeployer] deployed classes for file:/C:/apps/jboss-4.2.3.GA/server/default/lib/log4j-snmp-appender.jar
13:22:50,585 DEBUG [SARDeployer] deployed classes for file:/C:/apps/jboss-4.2.3.GA/server/default/lib/log4j.jar
13:22:50,585 DEBUG [SARDeployer] deployed classes for file:/C:/apps/jboss-4.2.3.GA/server/default/lib/mail-plugin.jar
13:22:50,585 DEBUG [SARDeployer] deployed classes for file:/C:/apps/jboss-4.2.3.GA/server/default/lib/mail.jar
13:22:50,585 DEBUG [SARDeployer] deployed classes for file:/C:/apps/jboss-4.2.3.GA/server/default/lib/properties-plugin.jar
13:22:50,585 DEBUG [SARDeployer] deployed classes for file:/C:/apps/jboss-4.2.3.GA/server/default/lib/quartz.jar
13:22:50,585 DEBUG [SARDeployer] deployed classes for file:/C:/apps/jboss-4.2.3.GA/server/default/lib/scheduler-plugin-example.jar
13:22:50,585 DEBUG [SARDeployer] deployed classes for file:/C:/apps/jboss-4.2.3.GA/server/default/lib/scheduler-plugin.jar
13:22:50,585 DEBUG [SARDeployer] deployed classes for file:/C:/apps/jboss-4.2.3.GA/server/default/lib/servlet-api.jar
13:22:50,585 DEBUG [SARDeployer] deployed classes for file:/C:/apps/jboss-4.2.3.GA/server/default/lib/xmlentitymgr.jar
13:22:50,586 DEBUG [SARDeployer] about to copy 0 local directories
13:22:50,586 DEBUG [SARDeployer] looking for nested deployments in : file:/C:/apps/jboss-4.2.3.GA/server/default/conf/jboss-service.xml
13:22:50,588 DEBUG [DeploymentInfo] createLoaderRepository from config: LoaderRepositoryConfig(repositoryName: JMImplementation:service=LoaderRepository,name=Default, repositoryClassName: null, configParserClassName: null, repositoryConfig: null)
13:22:50,588 DEBUG [RepositoryClassLoader] setRepository, repository=org.jboss.mx.loading.UnifiedLoaderRepository3@3f174f54, cl=org.jboss.mx.loading.UnifiedClassLoader3@a99a079{ url=null ,addedOrder=0}
13:22:50,588 DEBUG [RepositoryClassLoader] setRepository, repository=org.jboss.mx.loading.UnifiedLoaderRepository3@3f174f54, cl=org.jboss.mx.loading.UnifiedClassLoader3@a99a079{ url=null ,addedOrder=0}
13:22:50,588 DEBUG [UnifiedLoaderRepository3] Adding org.jboss.mx.loading.UnifiedClassLoader3@a99a079{ url=null ,addedOrder=0}
13:22:50,595 DEBUG [RepositoryClassLoader] Added url: file:/C:/apps/jboss-4.2.3.GA/server/default/lib/activation.jar, to ucl: org.jboss.mx.loading.UnifiedClassLoader3@a99a079{ url=null ,addedOrder=2}
13:22:50,620 DEBUG [RepositoryClassLoader] Added url: file:/C:/apps/jboss-4.2.3.GA/server/default/lib/antlr.jar, to ucl: org.jboss.mx.loading.UnifiedClassLoader3@a99a079{ url=null ,addedOrder=2}
13:22:50,621 DEBUG [RepositoryClassLoader] Added url: file:/C:/apps/jboss-4.2.3.GA/server/default/lib/autonumber-plugin.jar, to ucl: org.jboss.mx.loading.UnifiedClassLoader3@a99a079{ url=null ,addedOrder=2}
13:22:50,645 DEBUG [RepositoryClassLoader] Added url: file:/C:/apps/jboss-4.2.3.GA/server/default/lib/bcel.jar, to ucl: org.jboss.mx.loading.UnifiedClassLoader3@a99a079{ url=null ,addedOrder=2}
13:22:50,647 DEBUG [RepositoryClassLoader] Added url: file:/C:/apps/jboss-4.2.3.GA/server/default/lib/bindingservice-plugin.jar, to ucl: org.jboss.mx.loading.UnifiedClassLoader3@a99a079{ url=null ,addedOrder=2}
13:22:50,658 DEBUG [RepositoryClassLoader] Added url: file:/C:/apps/jboss-4.2.3.GA/server/default/lib/bsf.jar, to ucl: org.jboss.mx.loading.UnifiedClassLoader3@a99a079{ url=null ,addedOrder=2}
13:22:50,660 DEBUG [RepositoryClassLoader] Added url: file:/C:/apps/jboss-4.2.3.GA/server/default/lib/bsh-deployer.jar, to ucl: org.jboss.mx.loading.UnifiedClassLoader3@a99a079{ url=null ,addedOrder=2}
13:22:50,672 DEBUG [RepositoryClassLoader] Added url: file:/C:/apps/jboss-4.2.3.GA/server/default/lib/bsh.jar, to ucl: org.jboss.mx.loading.UnifiedClassLoader3@a99a079{ url=null ,addedOrder=2}
13:22:50,673 DEBUG [ClassLoaderUtils] Multiple class loaders found for pkg: 
13:22:50,686 DEBUG [RepositoryClassLoader] Added url: file:/C:/apps/jboss-4.2.3.GA/server/default/lib/cglib.jar, to ucl: org.jboss.mx.loading.UnifiedClassLoader3@a99a079{ url=null ,addedOrder=2}
13:22:50,688 DEBUG [RepositoryClassLoader] Added url: file:/C:/apps/jboss-4.2.3.GA/server/default/lib/commons-codec.jar, to ucl: org.jboss.mx.loading.UnifiedClassLoader3@a99a079{ url=null ,addedOrder=2}
13:22:50,708 DEBUG [RepositoryClassLoader] Added url: file:/C:/apps/jboss-4.2.3.GA/server/default/lib/commons-collections.jar, to ucl: org.jboss.mx.loading.UnifiedClassLoader3@a99a079{ url=null ,addedOrder=2}
13:22:50,716 DEBUG [RepositoryClassLoader] Added url: file:/C:/apps/jboss-4.2.3.GA/server/default/lib/commons-httpclient.jar, to ucl: org.jboss.mx.loading.UnifiedClassLoader3@a99a079{ url=null ,addedOrder=2}
13:22:50,719 DEBUG [RepositoryClassLoader] Added url: file:/C:/apps/jboss-4.2.3.GA/server/default/lib/commons-logging.jar, to ucl: org.jboss.mx.loading.UnifiedClassLoader3@a99a079{ url=null ,addedOrder=2}
13:22:50,730 DEBUG [RepositoryClassLoader] Added url: file:/C:/apps/jboss-4.2.3.GA/server/default/lib/dom4j.jar, to ucl: org.jboss.mx.loading.UnifiedClassLoader3@a99a079{ url=null ,addedOrder=2}
13:22:50,733 DEBUG [RepositoryClassLoader] Added url: file:/C:/apps/jboss-4.2.3.GA/server/default/lib/ejb3-persistence.jar, to ucl: org.jboss.mx.loading.UnifiedClassLoader3@a99a079{ url=null ,addedOrder=2}
13:22:50,735 DEBUG [RepositoryClassLoader] Added url: file:/C:/apps/jboss-4.2.3.GA/server/default/lib/el-api.jar, to ucl: org.jboss.mx.loading.UnifiedClassLoader3@a99a079{ url=null ,addedOrder=2}
13:22:50,752 DEBUG [RepositoryClassLoader] Added url: file:/C:/apps/jboss-4.2.3.GA/server/default/lib/hibernate-annotations.jar, to ucl: org.jboss.mx.loading.UnifiedClassLoader3@a99a079{ url=null ,addedOrder=2}
13:22:50,757 DEBUG [RepositoryClassLoader] Added url: file:/C:/apps/jboss-4.2.3.GA/server/default/lib/hibernate-entitymanager.jar, to ucl: org.jboss.mx.loading.UnifiedClassLoader3@a99a079{ url=null ,addedOrder=2}
13:22:50,831 DEBUG [RepositoryClassLoader] Added url: file:/C:/apps/jboss-4.2.3.GA/server/default/lib/hibernate3.jar, to ucl: org.jboss.mx.loading.UnifiedClassLoader3@a99a079{ url=null ,addedOrder=2}
13:22:50,832 DEBUG [RepositoryClassLoader] Added url: file:/C:/apps/jboss-4.2.3.GA/server/default/lib/hsqldb-plugin.jar, to ucl: org.jboss.mx.loading.UnifiedClassLoader3@a99a079{ url=null ,addedOrder=2}
13:22:50,857 DEBUG [RepositoryClassLoader] Added url: file:/C:/apps/jboss-4.2.3.GA/server/default/lib/hsqldb.jar, to ucl: org.jboss.mx.loading.UnifiedClassLoader3@a99a079{ url=null ,addedOrder=2}
13:22:50,878 DEBUG [RepositoryClassLoader] Added url: file:/C:/apps/jboss-4.2.3.GA/server/default/lib/javassist.jar, to ucl: org.jboss.mx.loading.UnifiedClassLoader3@a99a079{ url=null ,addedOrder=2}
13:22:50,889 DEBUG [RepositoryClassLoader] Added url: file:/C:/apps/jboss-4.2.3.GA/server/default/lib/jaxen.jar, to ucl: org.jboss.mx.loading.UnifiedClassLoader3@a99a079{ url=null ,addedOrder=2}
13:22:50,893 DEBUG [RepositoryClassLoader] Added url: file:/C:/apps/jboss-4.2.3.GA/server/default/lib/jboss-common-jdbc-wrapper.jar, to ucl: org.jboss.mx.loading.UnifiedClassLoader3@a99a079{ url=null ,addedOrder=2}
13:22:50,896 DEBUG [RepositoryClassLoader] Added url: file:/C:/apps/jboss-4.2.3.GA/server/default/lib/jboss-ejb3x.jar, to ucl: org.jboss.mx.loading.UnifiedClassLoader3@a99a079{ url=null ,addedOrder=2}
13:22:50,898 DEBUG [RepositoryClassLoader] Added url: file:/C:/apps/jboss-4.2.3.GA/server/default/lib/jboss-hibernate.jar, to ucl: org.jboss.mx.loading.UnifiedClassLoader3@a99a079{ url=null ,addedOrder=2}
13:22:50,916 DEBUG [RepositoryClassLoader] Added url: file:/C:/apps/jboss-4.2.3.GA/server/default/lib/jboss-iiop.jar, to ucl: org.jboss.mx.loading.UnifiedClassLoader3@a99a079{ url=null ,addedOrder=2}
13:22:50,934 DEBUG [RepositoryClassLoader] Added url: file:/C:/apps/jboss-4.2.3.GA/server/default/lib/jboss-j2ee.jar, to ucl: org.jboss.mx.loading.UnifiedClassLoader3@a99a079{ url=null ,addedOrder=2}
13:22:50,936 DEBUG [RepositoryClassLoader] Added url: file:/C:/apps/jboss-4.2.3.GA/server/default/lib/jboss-jaxrpc.jar, to ucl: org.jboss.mx.loading.UnifiedClassLoader3@a99a079{ url=null ,addedOrder=2}
13:22:50,939 DEBUG [RepositoryClassLoader] Added url: file:/C:/apps/jboss-4.2.3.GA/server/default/lib/jboss-jaxws-ext.jar, to ucl: org.jboss.mx.loading.UnifiedClassLoader3@a99a079{ url=null ,addedOrder=2}
13:22:50,941 DEBUG [RepositoryClassLoader] Added url: file:/C:/apps/jboss-4.2.3.GA/server/default/lib/jboss-jaxws.jar, to ucl: org.jboss.mx.loading.UnifiedClassLoader3@a99a079{ url=null ,addedOrder=2}
13:22:50,950 DEBUG [RepositoryClassLoader] Added url: file:/C:/apps/jboss-4.2.3.GA/server/default/lib/jboss-jca.jar, to ucl: org.jboss.mx.loading.UnifiedClassLoader3@a99a079{ url=null ,addedOrder=2}
13:22:50,952 DEBUG [RepositoryClassLoader] Added url: file:/C:/apps/jboss-4.2.3.GA/server/default/lib/jboss-jsr77.jar, to ucl: org.jboss.mx.loading.UnifiedClassLoader3@a99a079{ url=null ,addedOrder=2}
13:22:50,957 DEBUG [RepositoryClassLoader] Added url: file:/C:/apps/jboss-4.2.3.GA/server/default/lib/jboss-jsr88.jar, to ucl: org.jboss.mx.loading.UnifiedClassLoader3@a99a079{ url=null ,addedOrder=2}
13:22:50,964 DEBUG [RepositoryClassLoader] Added url: file:/C:/apps/jboss-4.2.3.GA/server/default/lib/jboss-management.jar, to ucl: org.jboss.mx.loading.UnifiedClassLoader3@a99a079{ url=null ,addedOrder=2}
13:22:50,969 DEBUG [RepositoryClassLoader] Added url: file:/C:/apps/jboss-4.2.3.GA/server/default/lib/jboss-monitoring.jar, to ucl: org.jboss.mx.loading.UnifiedClassLoader3@a99a079{ url=null ,addedOrder=2}
13:22:50,970 DEBUG [RepositoryClassLoader] Added url: file:/C:/apps/jboss-4.2.3.GA/server/default/lib/jboss-remoting-int.jar, to ucl: org.jboss.mx.loading.UnifiedClassLoader3@a99a079{ url=null ,addedOrder=2}
13:22:51,010 DEBUG [RepositoryClassLoader] Added url: file:/C:/apps/jboss-4.2.3.GA/server/default/lib/jboss-remoting.jar, to ucl: org.jboss.mx.loading.UnifiedClassLoader3@a99a079{ url=null ,addedOrder=2}
13:22:51,013 DEBUG [RepositoryClassLoader] Added url: file:/C:/apps/jboss-4.2.3.GA/server/default/lib/jboss-saaj.jar, to ucl: org.jboss.mx.loading.UnifiedClassLoader3@a99a079{ url=null ,addedOrder=2}
13:22:51,021 DEBUG [RepositoryClassLoader] Added url: file:/C:/apps/jboss-4.2.3.GA/server/default/lib/jboss-serialization.jar, to ucl: org.jboss.mx.loading.UnifiedClassLoader3@a99a079{ url=null ,addedOrder=2}
13:22:51,024 DEBUG [RepositoryClassLoader] Added url: file:/C:/apps/jboss-4.2.3.GA/server/default/lib/jboss-srp.jar, to ucl: org.jboss.mx.loading.UnifiedClassLoader3@a99a079{ url=null ,addedOrder=2}
13:22:51,028 DEBUG [RepositoryClassLoader] Added url: file:/C:/apps/jboss-4.2.3.GA/server/default/lib/jboss-transaction.jar, to ucl: org.jboss.mx.loading.UnifiedClassLoader3@a99a079{ url=null ,addedOrder=2}
13:22:51,033 DEBUG [RepositoryClassLoader] Added url: file:/C:/apps/jboss-4.2.3.GA/server/default/lib/jboss-vfs.jar, to ucl: org.jboss.mx.loading.UnifiedClassLoader3@a99a079{ url=null ,addedOrder=2}
13:22:51,110 DEBUG [RepositoryClassLoader] Added url: file:/C:/apps/jboss-4.2.3.GA/server/default/lib/jboss.jar, to ucl: org.jboss.mx.loading.UnifiedClassLoader3@a99a079{ url=null ,addedOrder=2}
13:22:51,112 DEBUG [RepositoryClassLoader] Added url: file:/C:/apps/jboss-4.2.3.GA/server/default/lib/jbossjta-integration.jar, to ucl: org.jboss.mx.loading.UnifiedClassLoader3@a99a079{ url=null ,addedOrder=2}
13:22:51,131 DEBUG [RepositoryClassLoader] Added url: file:/C:/apps/jboss-4.2.3.GA/server/default/lib/jbossjta.jar, to ucl: org.jboss.mx.loading.UnifiedClassLoader3@a99a079{ url=null ,addedOrder=2}
13:22:51,149 DEBUG [RepositoryClassLoader] Added url: file:/C:/apps/jboss-4.2.3.GA/server/default/lib/jbossmq.jar, to ucl: org.jboss.mx.loading.UnifiedClassLoader3@a99a079{ url=null ,addedOrder=2}
13:22:51,161 DEBUG [RepositoryClassLoader] Added url: file:/C:/apps/jboss-4.2.3.GA/server/default/lib/jbosssx.jar, to ucl: org.jboss.mx.loading.UnifiedClassLoader3@a99a079{ url=null ,addedOrder=2}
13:22:51,164 DEBUG [RepositoryClassLoader] Added url: file:/C:/apps/jboss-4.2.3.GA/server/default/lib/jbossts-common.jar, to ucl: org.jboss.mx.loading.UnifiedClassLoader3@a99a079{ url=null ,addedOrder=2}
13:22:51,167 DEBUG [RepositoryClassLoader] Added url: file:/C:/apps/jboss-4.2.3.GA/server/default/lib/jbossws-common.jar, to ucl: org.jboss.mx.loading.UnifiedClassLoader3@a99a079{ url=null ,addedOrder=2}
13:22:51,171 DEBUG [RepositoryClassLoader] Added url: file:/C:/apps/jboss-4.2.3.GA/server/default/lib/jbossws-framework.jar, to ucl: org.jboss.mx.loading.UnifiedClassLoader3@a99a079{ url=null ,addedOrder=2}
13:22:51,174 DEBUG [RepositoryClassLoader] Added url: file:/C:/apps/jboss-4.2.3.GA/server/default/lib/jbossws-jboss42.jar, to ucl: org.jboss.mx.loading.UnifiedClassLoader3@a99a079{ url=null ,addedOrder=2}
13:22:51,179 DEBUG [RepositoryClassLoader] Added url: file:/C:/apps/jboss-4.2.3.GA/server/default/lib/jbossws-spi.jar, to ucl: org.jboss.mx.loading.UnifiedClassLoader3@a99a079{ url=null ,addedOrder=2}
13:22:51,181 DEBUG [RepositoryClassLoader] Added url: file:/C:/apps/jboss-4.2.3.GA/server/default/lib/jmx-adaptor-plugin.jar, to ucl: org.jboss.mx.loading.UnifiedClassLoader3@a99a079{ url=null ,addedOrder=2}
13:22:51,183 DEBUG [RepositoryClassLoader] Added url: file:/C:/apps/jboss-4.2.3.GA/server/default/lib/jnpserver.jar, to ucl: org.jboss.mx.loading.UnifiedClassLoader3@a99a079{ url=null ,addedOrder=2}
13:22:51,187 DEBUG [RepositoryClassLoader] Added url: file:/C:/apps/jboss-4.2.3.GA/server/default/lib/joesnmp.jar, to ucl: org.jboss.mx.loading.UnifiedClassLoader3@a99a079{ url=null ,addedOrder=2}
13:22:51,190 DEBUG [RepositoryClassLoader] Added url: file:/C:/apps/jboss-4.2.3.GA/server/default/lib/jsp-api.jar, to ucl: org.jboss.mx.loading.UnifiedClassLoader3@a99a079{ url=null ,addedOrder=2}
13:22:51,191 DEBUG [RepositoryClassLoader] Added url: file:/C:/apps/jboss-4.2.3.GA/server/default/lib/log4j-snmp-appender.jar, to ucl: org.jboss.mx.loading.UnifiedClassLoader3@a99a079{ url=null ,addedOrder=2}
13:22:51,204 DEBUG [RepositoryClassLoader] Added url: file:/C:/apps/jboss-4.2.3.GA/server/default/lib/log4j.jar, to ucl: org.jboss.mx.loading.UnifiedClassLoader3@a99a079{ url=null ,addedOrder=2}
13:22:51,205 DEBUG [RepositoryClassLoader] Added url: file:/C:/apps/jboss-4.2.3.GA/server/default/lib/mail-plugin.jar, to ucl: org.jboss.mx.loading.UnifiedClassLoader3@a99a079{ url=null ,addedOrder=2}
13:22:51,219 DEBUG [RepositoryClassLoader] Added url: file:/C:/apps/jboss-4.2.3.GA/server/default/lib/mail.jar, to ucl: org.jboss.mx.loading.UnifiedClassLoader3@a99a079{ url=null ,addedOrder=2}
13:22:51,220 DEBUG [RepositoryClassLoader] Added url: file:/C:/apps/jboss-4.2.3.GA/server/default/lib/properties-plugin.jar, to ucl: org.jboss.mx.loading.UnifiedClassLoader3@a99a079{ url=null ,addedOrder=2}
13:22:51,236 DEBUG [RepositoryClassLoader] Added url: file:/C:/apps/jboss-4.2.3.GA/server/default/lib/quartz.jar, to ucl: org.jboss.mx.loading.UnifiedClassLoader3@a99a079{ url=null ,addedOrder=2}
13:22:51,237 DEBUG [RepositoryClassLoader] Added url: file:/C:/apps/jboss-4.2.3.GA/server/default/lib/scheduler-plugin-example.jar, to ucl: org.jboss.mx.loading.UnifiedClassLoader3@a99a079{ url=null ,addedOrder=2}
13:22:51,239 DEBUG [RepositoryClassLoader] Added url: file:/C:/apps/jboss-4.2.3.GA/server/default/lib/scheduler-plugin.jar, to ucl: org.jboss.mx.loading.UnifiedClassLoader3@a99a079{ url=null ,addedOrder=2}
13:22:51,243 DEBUG [RepositoryClassLoader] Added url: file:/C:/apps/jboss-4.2.3.GA/server/default/lib/servlet-api.jar, to ucl: org.jboss.mx.loading.UnifiedClassLoader3@a99a079{ url=null ,addedOrder=2}
13:22:51,243 DEBUG [RepositoryClassLoader] Added url: file:/C:/apps/jboss-4.2.3.GA/server/default/lib/xmlentitymgr.jar, to ucl: org.jboss.mx.loading.UnifiedClassLoader3@a99a079{ url=null ,addedOrder=2}
13:22:51,244 DEBUG [MainDeployer] found 0 subpackages of file:/C:/apps/jboss-4.2.3.GA/server/default/conf/jboss-service.xml
13:22:51,245 DEBUG [MainDeployer] Watching new file: file:/C:/apps/jboss-4.2.3.GA/server/default/conf/jboss-service.xml
13:22:51,245 DEBUG [MainDeployer] create step for deployment file:/C:/apps/jboss-4.2.3.GA/server/default/conf/jboss-service.xml
13:22:51,245 DEBUG [SARDeployer] Deploying SAR, create step: url file:/C:/apps/jboss-4.2.3.GA/server/default/conf/jboss-service.xml
13:22:51,245 DEBUG [SARDeployer] Registering service UCL=jmx.loading:UCL=a99a079
13:22:51,246 DEBUG [ServiceCreator] About to create bean: jboss.management.local:j2eeType=J2EEDomain,name=Manager with code: org.jboss.management.j2ee.LocalJBossServerDomain
13:22:51,550 DEBUG [ServiceCreator] Created bean: jboss.management.local:j2eeType=J2EEDomain,name=Manager
13:22:51,553 DEBUG [ServiceConfigurator] MainDeployer set to jboss.system:service=MainDeployer in jboss.management.local:j2eeType=J2EEDomain,name=Manager
13:22:51,554 DEBUG [ServiceConfigurator] SARDeployer set to jboss.system:service=ServiceDeployer in jboss.management.local:j2eeType=J2EEDomain,name=Manager
13:22:51,554 DEBUG [ServiceConfigurator] EARDeployer set to jboss.j2ee:service=EARDeployer in jboss.management.local:j2eeType=J2EEDomain,name=Manager
13:22:51,555 DEBUG [ServiceConfigurator] EJBDeployer set to jboss.ejb:service=EJBDeployer in jboss.management.local:j2eeType=J2EEDomain,name=Manager
13:22:51,555 DEBUG [ServiceConfigurator] RARDeployer set to jboss.jca:service=RARDeployer in jboss.management.local:j2eeType=J2EEDomain,name=Manager
13:22:51,556 DEBUG [ServiceConfigurator] CMDeployer set to jboss.jca:service=ConnectionFactoryDeployer in jboss.management.local:j2eeType=J2EEDomain,name=Manager
13:22:51,556 DEBUG [ServiceConfigurator] WARDeployer set to jboss.web:service=WebServer in jboss.management.local:j2eeType=J2EEDomain,name=Manager
13:22:51,557 DEBUG [ServiceConfigurator] CARDeployer set to jboss.j2ee:service=ClientDeployer in jboss.management.local:j2eeType=J2EEDomain,name=Manager
13:22:51,557 DEBUG [ServiceConfigurator] MailService set to jboss:service=Mail in jboss.management.local:j2eeType=J2EEDomain,name=Manager
13:22:51,558 DEBUG [ServiceConfigurator] JMSService set to jboss.mq:service=DestinationManager in jboss.management.local:j2eeType=J2EEDomain,name=Manager
13:22:51,558 DEBUG [ServiceConfigurator] JNDIService set to jboss:service=Naming in jboss.management.local:j2eeType=J2EEDomain,name=Manager
13:22:51,559 DEBUG [ServiceConfigurator] JTAService set to jboss:service=TransactionManager in jboss.management.local:j2eeType=J2EEDomain,name=Manager
13:22:51,559 DEBUG [ServiceConfigurator] UserTransactionService set to jboss:service=ClientUserTransaction in jboss.management.local:j2eeType=J2EEDomain,name=Manager
13:22:51,560 DEBUG [ServiceConfigurator] RMI_IIOPService set to jboss:service=CorbaORB in jboss.management.local:j2eeType=J2EEDomain,name=Manager
13:22:51,560 DEBUG [ServiceCreator] About to create xmbean object: jboss:service=AttributePersistenceService with code: org.jboss.system.pm.AttributePersistenceService with descriptor: resource:xmdesc/AttributePersistenceService-xmbean.xml
13:22:51,578 DEBUG [ModelMBeanInvoker] Loaded persistence mgr: org.jboss.mx.persistence.ObjectStreamPersistenceManager
13:22:51,579 DEBUG [ObjectStreamPersistenceManager] load, resource:org.jboss.system.pm.AttributePersistenceService@5a534790
13:22:51,579 DEBUG [ObjectStreamPersistenceManager] Store file is: C:\apps\jboss-4.2.3.GA\server\default\data\xmbean-attrs\AttributePersistenceService.ser
13:22:51,579 DEBUG [ServiceCreator] Created bean: jboss:service=AttributePersistenceService
13:22:51,579 DEBUG [ServiceCreator] About to create bean: jboss.system:service=ThreadPool with code: org.jboss.util.threadpool.BasicThreadPool
13:22:51,597 DEBUG [ServiceCreator] Created bean: jboss.system:service=ThreadPool
13:22:51,598 DEBUG [ServiceConfigurator] Name set to JBoss System Threads in jboss.system:service=ThreadPool
13:22:51,599 DEBUG [ServiceConfigurator] ThreadGroupName set to System Threads in jboss.system:service=ThreadPool
13:22:51,600 DEBUG [ServiceConfigurator] KeepAliveTime set to 60000 in jboss.system:service=ThreadPool
13:22:51,600 DEBUG [ServiceConfigurator] MaximumPoolSize set to 10 in jboss.system:service=ThreadPool
13:22:51,600 DEBUG [ServiceConfigurator] MaximumQueueSize set to 1000 in jboss.system:service=ThreadPool
13:22:51,603 DEBUG [ServiceConfigurator] BlockingMode set to run in jboss.system:service=ThreadPool
13:22:51,603 DEBUG [ServiceCreator] About to create xmbean object: jboss.system:type=Log4jService,service=Logging with code: org.jboss.logging.Log4jService with descriptor: resource:xmdesc/Log4jService-xmbean.xml
13:22:51,632 DEBUG [ServiceCreator] Created bean: jboss.system:type=Log4jService,service=Logging
13:22:51,633 DEBUG [ServiceConfigurator] ConfigurationURL set to resource:jboss-log4j.xml in jboss.system:type=Log4jService,service=Logging
13:22:51,634 DEBUG [ServiceConfigurator] Log4jQuietMode set to true in jboss.system:type=Log4jService,service=Logging
13:22:51,634 DEBUG [ServiceConfigurator] RefreshPeriod set to 60 in jboss.system:type=Log4jService,service=Logging
13:22:51,634 DEBUG [ServiceCreator] About to create bean: jboss.rmi:type=RMIClassLoader with code: org.jboss.util.property.jmx.SystemPropertyClassValue
13:22:51,637 DEBUG [ServiceCreator] Created bean: jboss.rmi:type=RMIClassLoader
13:22:51,637 DEBUG [ServiceConfigurator] Property set to java.rmi.server.RMIClassLoaderSpi in jboss.rmi:type=RMIClassLoader
13:22:51,638 DEBUG [ServiceConfigurator] ClassName set to org.jboss.system.JBossRMIClassLoader in jboss.rmi:type=RMIClassLoader
13:22:51,638 DEBUG [ServiceCreator] About to create bean: jboss:service=WebService with code: org.jboss.web.WebService
13:22:51,647 DEBUG [ServiceCreator] Created bean: jboss:service=WebService
13:22:51,647 DEBUG [ServiceConfigurator] BindAddress set to 127.0.0.1 in jboss:service=WebService
13:22:51,648 DEBUG [ServiceConfigurator] Port set to 8083 in jboss:service=WebService
13:22:51,648 DEBUG [ServiceConfigurator] Host set to 127.0.0.1 in jboss:service=WebService
13:22:51,648 DEBUG [ServiceConfigurator] DownloadServerClasses set to true in jboss:service=WebService
13:22:51,648 DEBUG [ServiceConfigurator] DownloadResources set to false in jboss:service=WebService
13:22:51,649 DEBUG [ServiceController] recording that jboss:service=WebService depends on jboss.system:service=ThreadPool
13:22:51,649 DEBUG [ServiceConfigurator] considering ThreadPool with object name jboss.system:service=ThreadPool
13:22:51,653 DEBUG [ServiceCreator] About to create xmbean object: jboss:service=NamingBeanImpl with code: org.jnp.server.NamingBeanImpl with descriptor: resource:xmdesc/NamingBean-xmbean.xml
13:22:51,665 DEBUG [ServiceCreator] Created bean: jboss:service=NamingBeanImpl
13:22:51,665 DEBUG [ServiceCreator] About to create xmbean object: jboss:service=Naming with code: org.jboss.naming.NamingService with descriptor: resource:xmdesc/NamingService-xmbean.xml
13:22:51,694 DEBUG [ModelMBeanInvoker] Ignoring obsolete legacy interceptor: org.jboss.mx.interceptor.PersistenceInterceptor2
13:22:51,694 DEBUG [ModelMBeanInvoker] Ignoring obsolete legacy interceptor: org.jboss.mx.interceptor.ModelMBeanInterceptor
13:22:51,694 DEBUG [ModelMBeanInvoker] Ignoring obsolete legacy interceptor: org.jboss.mx.interceptor.ObjectReferenceInterceptor
13:22:51,695 DEBUG [ServiceCreator] Created bean: jboss:service=Naming
13:22:51,695 DEBUG [ServiceConfigurator] CallByValue set to false in jboss:service=Naming
13:22:51,697 DEBUG [ServiceConfigurator] Port set to 1099 in jboss:service=Naming
13:22:51,698 DEBUG [ServiceConfigurator] BindAddress set to 127.0.0.1 in jboss:service=Naming
13:22:51,698 DEBUG [ServiceConfigurator] RmiPort set to 1098 in jboss:service=Naming
13:22:51,698 DEBUG [ServiceConfigurator] RmiBindAddress set to 127.0.0.1 in jboss:service=Naming
13:22:51,699 DEBUG [ServiceController] recording that jboss:service=Naming depends on jboss.system:service=ThreadPool
13:22:51,699 DEBUG [ServiceConfigurator] considering LookupPool with object name jboss.system:service=ThreadPool
13:22:51,703 DEBUG [ServiceController] recording that jboss:service=Naming depends on jboss:service=NamingBeanImpl
13:22:51,703 DEBUG [ServiceConfigurator] considering Naming with object name jboss:service=NamingBeanImpl
13:22:51,705 DEBUG [ServiceCreator] About to create xmbean object: jboss:service=JNDIView with code: org.jboss.naming.JNDIView with descriptor: resource:xmdesc/JNDIView-xmbean.xml
13:22:51,720 DEBUG [ServiceCreator] Created bean: jboss:service=JNDIView
13:22:51,720 DEBUG [ServiceConfigurator] HANamingService set to jboss:service=HAJNDI in jboss:service=JNDIView
13:22:51,720 DEBUG [ServiceCreator] About to create bean: jboss.security:service=SecurityConfig with code: org.jboss.security.plugins.SecurityConfig
13:22:51,723 DEBUG [ServiceCreator] Created bean: jboss.security:service=SecurityConfig
13:22:51,723 DEBUG [ServiceConfigurator] LoginConfig set to jboss.security:service=XMLLoginConfig in jboss.security:service=SecurityConfig
13:22:51,724 DEBUG [ServiceCreator] About to create bean: jboss.security:service=XMLLoginConfig with code: org.jboss.security.auth.login.XMLLoginConfig
13:22:51,731 DEBUG [ServiceCreator] Created bean: jboss.security:service=XMLLoginConfig
13:22:51,732 DEBUG [ServiceConfigurator] ConfigResource set to login-config.xml in jboss.security:service=XMLLoginConfig
13:22:51,733 DEBUG [ServiceCreator] About to create bean: jboss.security:service=JaasSecurityManager with code: org.jboss.security.plugins.JaasSecurityManagerService
13:22:51,747 DEBUG [ServiceCreator] Created bean: jboss.security:service=JaasSecurityManager
13:22:51,747 DEBUG [ServiceConfigurator] ServerMode set to true in jboss.security:service=JaasSecurityManager
13:22:51,748 DEBUG [ServiceConfigurator] SecurityManagerClassName set to org.jboss.security.plugins.JaasSecurityManager in jboss.security:service=JaasSecurityManager
13:22:51,748 DEBUG [ServiceConfigurator] DefaultUnauthenticatedPrincipal set to anonymous in jboss.security:service=JaasSecurityManager
13:22:51,749 DEBUG [ServiceConfigurator] DefaultCacheTimeout set to 1800 in jboss.security:service=JaasSecurityManager
13:22:51,749 DEBUG [ServiceConfigurator] DefaultCacheResolution set to 60 in jboss.security:service=JaasSecurityManager
13:22:51,749 DEBUG [ServiceConfigurator] DeepCopySubjectMode set to false in jboss.security:service=JaasSecurityManager
13:22:51,749 DEBUG [JaasSecurityManagerService] setDeepCopySubjectMode=false
13:22:51,749 DEBUG [ServiceCreator] About to create bean: jboss:service=XidFactory with code: org.jboss.tm.XidFactory
13:22:51,756 DEBUG [ServiceCreator] Created bean: jboss:service=XidFactory
13:22:51,756 DEBUG [ServiceCreator] About to create bean: jboss:service=TransactionManager with code: com.arjuna.ats.jbossatx.jta.TransactionManagerService
13:22:51,793 DEBUG [ServiceCreator] Created bean: jboss:service=TransactionManager
13:22:51,793 DEBUG [ServiceConfigurator] TransactionTimeout set to 300 in jboss:service=TransactionManager
13:22:51,793 DEBUG [ServiceConfigurator] ObjectStoreDir set to C:\apps\jboss-4.2.3.GA\server\default\data/tx-object-store in jboss:service=TransactionManager
13:22:51,794 DEBUG [ServiceCreator] About to create xmbean object: jboss:service=ClientUserTransaction with code: org.jboss.tm.usertx.server.ClientUserTransactionService with descriptor: resource:xmdesc/ClientUserTransaction-xmbean.xml
13:22:51,805 DEBUG [ServiceCreator] Created bean: jboss:service=ClientUserTransaction
13:22:51,805 DEBUG [ServiceCreator] About to create bean: jboss:service=proxyFactory,target=ClientUserTransactionFactory with code: org.jboss.invocation.jrmp.server.JRMPProxyFactory
13:22:51,811 DEBUG [ServiceCreator] Created bean: jboss:service=proxyFactory,target=ClientUserTransactionFactory
13:22:51,812 DEBUG [ServiceConfigurator] InvokerName set to jboss:service=invoker,type=unified in jboss:service=proxyFactory,target=ClientUserTransactionFactory
13:22:51,813 DEBUG [ServiceConfigurator] TargetName set to jboss:service=ClientUserTransaction in jboss:service=proxyFactory,target=ClientUserTransactionFactory
13:22:51,814 DEBUG [ServiceConfigurator] JndiName set to UserTransactionSessionFactory in jboss:service=proxyFactory,target=ClientUserTransactionFactory
13:22:51,816 DEBUG [ServiceConfigurator] ExportedInterface set to interface org.jboss.tm.usertx.interfaces.UserTransactionSessionFactory in jboss:service=proxyFactory,target=ClientUserTransactionFactory
13:22:51,820 DEBUG [ServiceConfigurator] ClientInterceptors set to [interceptors: null] in jboss:service=proxyFactory,target=ClientUserTransactionFactory
13:22:51,823 DEBUG [JRMPProxyFactory] added interceptor type: class org.jboss.proxy.ClientMethodInterceptor
13:22:51,823 DEBUG [JRMPProxyFactory] added interceptor type: class org.jboss.invocation.InvokerInterceptor
13:22:51,823 DEBUG [ServiceController] recording that jboss:service=proxyFactory,target=ClientUserTransactionFactory depends on jboss:service=invoker,type=unified
13:22:51,823 DEBUG [ServiceConfigurator] considering <anonymous> with object name jboss:service=invoker,type=unified
13:22:51,823 DEBUG [ServiceController] recording that jboss:service=ClientUserTransaction depends on jboss:service=proxyFactory,target=ClientUserTransactionFactory
13:22:51,823 DEBUG [ServiceConfigurator] considering <anonymous> with object name jboss:service=proxyFactory,target=ClientUserTransactionFactory
13:22:51,823 DEBUG [ServiceCreator] About to create bean: jboss:service=proxyFactory,target=ClientUserTransaction with code: org.jboss.invocation.jrmp.server.JRMPProxyFactory
13:22:51,824 DEBUG [ServiceCreator] Created bean: jboss:service=proxyFactory,target=ClientUserTransaction
13:22:51,824 DEBUG [ServiceConfigurator] InvokerName set to jboss:service=invoker,type=unified in jboss:service=proxyFactory,target=ClientUserTransaction
13:22:51,825 DEBUG [ServiceConfigurator] TargetName set to jboss:service=ClientUserTransaction in jboss:service=proxyFactory,target=ClientUserTransaction
13:22:51,825 DEBUG [ServiceConfigurator] ExportedInterface set to interface org.jboss.tm.usertx.interfaces.UserTransactionSession in jboss:service=proxyFactory,target=ClientUserTransaction
13:22:51,827 DEBUG [ServiceConfigurator] ClientInterceptors set to [interceptors: null] in jboss:service=proxyFactory,target=ClientUserTransaction
13:22:51,827 DEBUG [JRMPProxyFactory] added interceptor type: class org.jboss.proxy.ClientMethodInterceptor
13:22:51,827 DEBUG [JRMPProxyFactory] added interceptor type: class org.jboss.invocation.InvokerInterceptor
13:22:51,827 DEBUG [ServiceController] recording that jboss:service=proxyFactory,target=ClientUserTransaction depends on jboss:service=invoker,type=unified
13:22:51,827 DEBUG [ServiceConfigurator] considering <anonymous> with object name jboss:service=invoker,type=unified
13:22:51,827 DEBUG [ServiceController] recording that jboss:service=ClientUserTransaction depends on jboss:service=proxyFactory,target=ClientUserTransaction
13:22:51,827 DEBUG [ServiceConfigurator] considering TxProxyName with object name jboss:service=proxyFactory,target=ClientUserTransaction
13:22:51,827 DEBUG [ServiceCreator] About to create bean: jboss:service=invoker,type=unified with code: org.jboss.invocation.unified.server.UnifiedInvoker
13:22:51,836 DEBUG [ServiceCreator] Created bean: jboss:service=invoker,type=unified
13:22:51,836 DEBUG [ServiceController] recording that jboss:service=invoker,type=unified depends on jboss:service=TransactionManager
13:22:51,836 DEBUG [ServiceConfigurator] considering <anonymous> with object name jboss:service=TransactionManager
13:22:51,836 DEBUG [ServiceController] recording that jboss:service=invoker,type=unified depends on jboss.remoting:service=Connector,transport=socket
13:22:51,836 DEBUG [ServiceConfigurator] considering <anonymous> with object name jboss.remoting:service=Connector,transport=socket
13:22:51,836 DEBUG [ServiceCreator] About to create bean: jboss:service=invoker,type=jrmp with code: org.jboss.invocation.jrmp.server.JRMPInvoker
13:22:51,852 DEBUG [ServiceCreator] Created bean: jboss:service=invoker,type=jrmp
13:22:51,852 DEBUG [ServiceConfigurator] RMIObjectPort set to 4444 in jboss:service=invoker,type=jrmp
13:22:51,853 DEBUG [ServiceConfigurator] ServerAddress set to 127.0.0.1 in jboss:service=invoker,type=jrmp
13:22:51,853 DEBUG [ServiceController] recording that jboss:service=invoker,type=jrmp depends on jboss:service=TransactionManager
13:22:51,853 DEBUG [ServiceConfigurator] considering <anonymous> with object name jboss:service=TransactionManager
13:22:51,853 DEBUG [ServiceCreator] About to create bean: jboss:service=invoker,type=local with code: org.jboss.invocation.local.LocalInvoker
13:22:51,856 DEBUG [ServiceCreator] Created bean: jboss:service=invoker,type=local
13:22:51,857 DEBUG [ServiceController] recording that jboss:service=invoker,type=local depends on jboss:service=TransactionManager
13:22:51,857 DEBUG [ServiceConfigurator] considering <anonymous> with object name jboss:service=TransactionManager
13:22:51,857 DEBUG [ServiceCreator] About to create bean: jboss:service=invoker,type=pooled with code: org.jboss.invocation.pooled.server.PooledInvoker
13:22:51,865 DEBUG [ServiceCreator] Created bean: jboss:service=invoker,type=pooled
13:22:51,865 DEBUG [ServiceConfigurator] NumAcceptThreads set to 1 in jboss:service=invoker,type=pooled
13:22:51,866 DEBUG [ServiceConfigurator] MaxPoolSize set to 300 in jboss:service=invoker,type=pooled
13:22:51,866 DEBUG [ServiceConfigurator] ClientMaxPoolSize set to 300 in jboss:service=invoker,type=pooled
13:22:51,866 DEBUG [ServiceConfigurator] SocketTimeout set to 60000 in jboss:service=invoker,type=pooled
13:22:51,867 DEBUG [ServiceConfigurator] ServerBindAddress set to 127.0.0.1 in jboss:service=invoker,type=pooled
13:22:51,867 DEBUG [ServiceConfigurator] ServerBindPort set to 4445 in jboss:service=invoker,type=pooled
13:22:51,867 DEBUG [ServiceConfigurator] ClientConnectAddress set to 127.0.0.1 in jboss:service=invoker,type=pooled
13:22:51,868 DEBUG [ServiceConfigurator] ClientConnectPort set to 0 in jboss:service=invoker,type=pooled
13:22:51,868 DEBUG [ServiceConfigurator] ClientRetryCount set to 1 in jboss:service=invoker,type=pooled
13:22:51,868 DEBUG [ServiceConfigurator] EnableTcpNoDelay set to false in jboss:service=invoker,type=pooled
13:22:51,868 DEBUG [ServiceController] recording that jboss:service=invoker,type=pooled depends on jboss:service=TransactionManager
13:22:51,868 DEBUG [ServiceConfigurator] considering TransactionManagerService with object name jboss:service=TransactionManager
13:22:51,869 DEBUG [ServiceCreator] About to create bean: jboss.remoting:service=NetworkRegistry with code: org.jboss.remoting.network.NetworkRegistry
13:22:51,879 DEBUG [ServiceCreator] Created bean: jboss.remoting:service=NetworkRegistry
13:22:51,879 DEBUG [ServiceCreator] About to create bean: jboss.remoting:service=Connector,transport=socket with code: org.jboss.remoting.transport.Connector
13:22:51,886 DEBUG [ServiceCreator] Created bean: jboss.remoting:service=Connector,transport=socket
13:22:51,889 DEBUG [ServiceConfigurator] Configuration set to [config: null] in jboss.remoting:service=Connector,transport=socket
13:22:51,890 DEBUG [ServiceController] recording that jboss.remoting:service=Connector,transport=socket depends on jboss.remoting:service=NetworkRegistry
13:22:51,890 DEBUG [ServiceConfigurator] considering <anonymous> with object name jboss.remoting:service=NetworkRegistry
13:22:51,890 DEBUG [ServiceCreator] About to create bean: jboss.jdbc:service=metadata with code: org.jboss.ejb.plugins.cmp.jdbc.metadata.MetaDataLibrary
13:22:51,894 DEBUG [ServiceCreator] Created bean: jboss.jdbc:service=metadata
13:22:51,895 DEBUG [ServiceCreator] About to create bean: jboss.deployment:type=DeploymentScanner,flavor=URL with code: org.jboss.deployment.scanner.URLDeploymentScanner
13:22:51,904 DEBUG [ServiceCreator] Created bean: jboss.deployment:type=DeploymentScanner,flavor=URL
13:22:51,904 DEBUG [ServiceController] recording that jboss.deployment:type=DeploymentScanner,flavor=URL depends on jboss.system:service=MainDeployer
13:22:51,904 DEBUG [ServiceConfigurator] considering Deployer with object name jboss.system:service=MainDeployer
13:22:51,907 DEBUG [ServiceConfigurator] URLComparator set to org.jboss.deployment.DeploymentSorter in jboss.deployment:type=DeploymentScanner,flavor=URL
13:22:51,911 DEBUG [ServiceConfigurator] FilterInstance set to org.jboss.deployment.scanner.DeploymentFilter@2a39c018 in jboss.deployment:type=DeploymentScanner,flavor=URL
13:22:51,912 DEBUG [ServiceConfigurator] ScanPeriod set to 5000 in jboss.deployment:type=DeploymentScanner,flavor=URL
13:22:51,912 DEBUG [ServiceConfigurator] ScanEnabled set to true in jboss.deployment:type=DeploymentScanner,flavor=URL
13:22:51,912 DEBUG [ServiceConfigurator] URLs set to deploy/ in jboss.deployment:type=DeploymentScanner,flavor=URL
13:22:51,913 DEBUG [URLDeploymentScanner] Adding URL from spec: deploy/
13:22:51,913 DEBUG [URLDeploymentScanner] URL: file:/C:/apps/jboss-4.2.3.GA/server/default/deploy/
13:22:51,914 DEBUG [URLDeploymentScanner] Added url: file:/C:/apps/jboss-4.2.3.GA/server/default/deploy/
13:22:51,914 DEBUG [URLDeploymentScanner] URL list: [file:/C:/apps/jboss-4.2.3.GA/server/default/deploy/]
13:22:51,914 DEBUG [ServiceConfigurator] RecursiveSearch set to true in jboss.deployment:type=DeploymentScanner,flavor=URL
13:22:51,914 DEBUG [ServiceController] Creating service jboss.management.local:j2eeType=J2EEDomain,name=Manager
13:22:51,914 DEBUG [LocalJBossServerDomain] Creating jboss.management.local:j2eeType=J2EEDomain,name=Manager
13:22:51,914 DEBUG [LocalJBossServerDomain] setupJ2EEMBeans(), create J2EEServer instance
13:22:51,920 DEBUG [J2EEDomain] ctor, name: jboss.management.local:name=jboss.management.local,j2eeType=J2EEDomain
13:22:51,923 DEBUG [J2EEDomain] postRegister(), parent: null
13:22:51,929 DEBUG [J2EEServer] postRegister(), parent: jboss.management.local:j2eeType=J2EEDomain,name=jboss.management.local
13:22:51,943 DEBUG [JVM] postRegister(), parent: jboss.management.local:j2eeType=J2EEServer,name=Local
13:22:51,959 DEBUG [LocalJBossServerDomain] Registered as listener of: jboss.system:service=ServiceController
13:22:51,974 DEBUG [LocalJBossServerDomain] Registering with all deployers, mainDeployer=jboss.system:service=MainDeployer
13:22:51,974 DEBUG [LocalJBossServerDomain] Getting current deployers
13:22:51,974 DEBUG [LocalJBossServerDomain] Registering as listener of deployer: jboss.system:service=ServiceDeployer
13:22:51,974 DEBUG [LocalJBossServerDomain] Registering as listener of deployer: jboss.system:service=JARDeployer
13:22:51,974 DEBUG [LocalJBossServerDomain] Created jboss.management.local:j2eeType=J2EEDomain,name=Manager
13:22:51,975 DEBUG [LocalJBossServerDomain] handleNotification: javax.management.Notification[source=jboss.system:service=ServiceController][type=org.jboss.system.ServiceMBean.create][message=]
13:22:51,975 DEBUG [DefaultManagedObjectFactoryMap] Failed to find factory for event: javax.management.Notification[source=jboss.system:service=ServiceController][type=org.jboss.system.ServiceMBean.create][message=]
13:22:51,975 DEBUG [ServiceController] Creating dependent components for: jboss.management.local:j2eeType=J2EEDomain,name=Manager dependents are: []
13:22:51,975 DEBUG [ServiceController] Creating service jboss:service=AttributePersistenceService
13:22:51,975 DEBUG [AttributePersistenceService] Creating jboss:service=AttributePersistenceService
13:22:51,975 DEBUG [AttributePersistenceService] Created jboss:service=AttributePersistenceService
13:22:51,975 DEBUG [LocalJBossServerDomain] handleNotification: javax.management.Notification[source=jboss.system:service=ServiceController][type=org.jboss.system.ServiceMBean.create][message=]
13:22:51,975 DEBUG [DefaultManagedObjectFactoryMap] Failed to find factory for event: javax.management.Notification[source=jboss.system:service=ServiceController][type=org.jboss.system.ServiceMBean.create][message=]
13:22:51,976 DEBUG [ServiceController] Creating dependent components for: jboss:service=AttributePersistenceService dependents are: []
13:22:51,976 DEBUG [ServiceController] Creating service jboss.system:service=ThreadPool
13:22:51,976 DEBUG [LocalJBossServerDomain] handleNotification: javax.management.Notification[source=jboss.system:service=ServiceController][type=org.jboss.system.ServiceMBean.create][message=]
13:22:51,976 DEBUG [DefaultManagedObjectFactoryMap] Failed to find factory for event: javax.management.Notification[source=jboss.system:service=ServiceController][type=org.jboss.system.ServiceMBean.create][message=]
13:22:51,976 DEBUG [ServiceController] Creating dependent components for: jboss.system:service=ThreadPool dependents are: [ObjectName: jboss:service=WebService
  State: CONFIGURED
  I Depend On:
    jboss.system:service=ThreadPool
, ObjectName: jboss:service=Naming
  State: CONFIGURED
  I Depend On:
    jboss.system:service=ThreadPool
    jboss:service=NamingBeanImpl
]
13:22:51,976 DEBUG [ServiceController] Creating service jboss:service=WebService
13:22:51,976 DEBUG [WebService] Creating jboss:service=WebService
13:22:51,977 INFO  [WebService] Using RMI server codebase: http://127.0.0.1:8083/
13:22:51,979 DEBUG [WebService] Created jboss:service=WebService
13:22:51,979 DEBUG [LocalJBossServerDomain] handleNotification: javax.management.Notification[source=jboss.system:service=ServiceController][type=org.jboss.system.ServiceMBean.create][message=]
13:22:51,979 DEBUG [DefaultManagedObjectFactoryMap] Failed to find factory for event: javax.management.Notification[source=jboss.system:service=ServiceController][type=org.jboss.system.ServiceMBean.create][message=]
13:22:51,979 DEBUG [ServiceController] Creating dependent components for: jboss:service=WebService dependents are: []
13:22:51,979 DEBUG [ServiceController] Creating service jboss:service=Naming
13:22:51,980 DEBUG [ServiceController] waiting in create of jboss:service=Naming waiting on jboss:service=NamingBeanImpl
13:22:51,980 DEBUG [ServiceController] Creating service jboss.system:type=Log4jService,service=Logging
13:22:51,980 DEBUG [Log4jService] Creating jboss.system:type=Log4jService,service=Logging
13:22:51,981 INFO  [Log4jService$URLWatchTimerTask] Configuring from URL: resource:jboss-log4j.xml
